TN:
SF:/Users/jed.rodriguez/Desktop/incident-management-system/backend/api/identity/controllers/AuthenticationController.ts
FN:26,(anonymous_2)
FN:37,(anonymous_3)
FN:43,(anonymous_4)
FNF:3
FNH:3
FNDA:1,(anonymous_2)
FNDA:1,(anonymous_3)
FNDA:1,(anonymous_4)
DA:1,1
DA:2,1
DA:3,1
DA:4,1
DA:6,1
DA:7,1
DA:8,1
DA:10,1
DA:13,1
DA:15,1
DA:17,1
DA:20,1
DA:23,1
DA:26,1
DA:27,1
DA:28,1
DA:37,1
DA:38,1
DA:39,1
DA:43,1
DA:44,1
DA:45,1
DA:46,1
DA:47,1
DA:52,1
LF:25
LH:25
BRF:0
BRH:0
end_of_record
TN:
SF:/Users/jed.rodriguez/Desktop/incident-management-system/backend/api/incident/controllers/IncidentController.ts
FN:36,(anonymous_2)
FN:45,(anonymous_3)
FN:56,(anonymous_4)
FN:82,(anonymous_5)
FN:103,(anonymous_6)
FN:123,(anonymous_7)
FN:144,(anonymous_8)
FNF:7
FNH:7
FNDA:1,(anonymous_2)
FNDA:1,(anonymous_3)
FNDA:1,(anonymous_4)
FNDA:1,(anonymous_5)
FNDA:1,(anonymous_6)
FNDA:1,(anonymous_7)
FNDA:1,(anonymous_8)
DA:2,1
DA:3,1
DA:9,1
DA:12,1
DA:13,1
DA:20,1
DA:21,1
DA:22,1
DA:23,1
DA:24,1
DA:27,1
DA:29,1
DA:36,1
DA:37,1
DA:38,1
DA:39,1
DA:41,1
DA:45,1
DA:46,1
DA:47,1
DA:48,1
DA:56,1
DA:57,1
DA:58,1
DA:60,1
DA:61,1
DA:62,1
DA:64,1
DA:66,1
DA:67,1
DA:68,1
DA:69,1
DA:70,1
DA:71,1
DA:72,1
DA:74,1
DA:82,1
DA:83,1
DA:84,1
DA:86,1
DA:87,1
DA:89,1
DA:91,1
DA:92,1
DA:93,1
DA:95,1
DA:103,1
DA:104,1
DA:105,1
DA:107,1
DA:109,1
DA:111,1
DA:112,1
DA:113,1
DA:115,1
DA:123,1
DA:124,1
DA:125,1
DA:127,1
DA:129,1
DA:131,1
DA:132,1
DA:133,1
DA:134,1
DA:136,1
DA:144,1
DA:145,1
DA:146,1
DA:147,1
LF:69
LH:69
BRDA:38,0,0,1
BRDA:38,0,1,1
BRDA:46,1,0,1
BRDA:46,1,1,1
BRDA:145,2,0,1
BRDA:145,2,1,1
BRF:6
BRH:6
end_of_record
TN:
SF:/Users/jed.rodriguez/Desktop/incident-management-system/backend/api/incident/controllers/IncidentRequest.ts
FNF:0
FNH:0
LF:0
LH:0
BRF:0
BRH:0
end_of_record
TN:
SF:/Users/jed.rodriguez/Desktop/incident-management-system/backend/api/incident/controllers/IncidentStatusEnum.ts
FN:1,(anonymous_0)
FNF:1
FNH:1
FNDA:1,(anonymous_0)
DA:1,1
DA:2,1
DA:3,1
DA:4,1
DA:5,1
LF:5
LH:5
BRDA:1,0,0,1
BRDA:1,0,1,1
BRF:2
BRH:2
end_of_record
TN:
SF:/Users/jed.rodriguez/Desktop/incident-management-system/backend/api/incident/repositories/impl/IncidentRepository.ts
FN:9,(anonymous_1)
FN:13,(anonymous_2)
FN:22,(anonymous_3)
FN:26,(anonymous_4)
FN:30,(anonymous_5)
FN:34,(anonymous_6)
FN:39,(anonymous_7)
FNF:7
FNH:2
FNDA:1,(anonymous_1)
FNDA:1,(anonymous_2)
FNDA:0,(anonymous_3)
FNDA:0,(anonymous_4)
FNDA:0,(anonymous_5)
FNDA:0,(anonymous_6)
FNDA:0,(anonymous_7)
DA:1,1
DA:3,1
DA:4,1
DA:9,1
DA:10,1
DA:13,1
DA:14,1
DA:15,1
DA:16,1
DA:20,1
DA:23,0
DA:27,0
DA:31,0
DA:35,0
DA:36,0
DA:40,0
DA:41,0
LF:17
LH:10
BRDA:9,0,0,1
BRDA:9,0,1,1
BRDA:13,1,0,1
BRDA:13,1,1,1
BRF:4
BRH:4
end_of_record
TN:
SF:/Users/jed.rodriguez/Desktop/incident-management-system/backend/api/incident/repositories/models/IncidentModel.ts
FNF:0
FNH:0
DA:1,1
DA:2,1
DA:5,1
LF:3
LH:3
BRF:0
BRH:0
end_of_record
TN:
SF:/Users/jed.rodriguez/Desktop/incident-management-system/backend/api/incident/services/impl/IncidentService.ts
FN:25,(anonymous_2)
FN:29,(anonymous_3)
FN:71,(anonymous_4)
FN:76,(anonymous_5)
FN:83,(anonymous_6)
FNF:5
FNH:5
FNDA:4,(anonymous_2)
FNDA:1,(anonymous_3)
FNDA:1,(anonymous_4)
FNDA:1,(anonymous_5)
FNDA:1,(anonymous_6)
DA:1,1
DA:4,1
DA:5,1
DA:6,1
DA:7,1
DA:8,1
DA:10,1
DA:14,1
DA:20,1
DA:23,1
DA:26,4
DA:33,1
DA:34,1
DA:35,1
DA:44,0
DA:45,0
DA:47,0
DA:48,0
DA:50,1
DA:53,0
DA:54,0
DA:57,0
DA:60,1
DA:67,1
DA:68,1
DA:72,1
DA:73,1
DA:77,1
DA:80,1
DA:84,1
DA:85,1
LF:31
LH:24
BRDA:39,0,0,1
BRDA:39,0,1,1
BRDA:39,0,2,1
BRF:3
BRH:3
end_of_record
TN:
SF:/Users/jed.rodriguez/Desktop/incident-management-system/backend/common/controller/BaseController.ts
FN:12,(anonymous_2)
FNF:1
FNH:1
FNDA:2,(anonymous_2)
DA:1,1
DA:4,1
DA:8,1
DA:10,1
DA:13,2
DA:16,2
DA:18,2
DA:21,2
DA:25,2
DA:27,2
LF:10
LH:10
BRDA:16,0,0,2
BRDA:16,0,1,2
BRDA:20,1,0,2
BRDA:20,1,1,0
BRDA:21,2,0,2
BRDA:21,2,1,2
BRDA:25,3,0,2
BRDA:25,3,1,2
BRF:8
BRH:7
end_of_record
TN:
SF:/Users/jed.rodriguez/Desktop/incident-management-system/backend/common/exception/ApplicationException.ts
FN:6,(anonymous_0)
FN:23,(anonymous_1)
FNF:2
FNH:1
FNDA:1,(anonymous_0)
FNDA:0,(anonymous_1)
DA:1,1
DA:3,1
DA:8,0
DA:9,0
DA:11,0
DA:15,0
DA:17,1
DA:19,1
DA:24,0
LF:9
LH:4
BRDA:14,0,0,1
BRDA:14,0,1,0
BRF:2
BRH:1
end_of_record
TN:
SF:/Users/jed.rodriguez/Desktop/incident-management-system/backend/common/exception/AuthenticationFailedException.ts
FN:4,(anonymous_0)
FNF:1
FNH:1
FNDA:1,(anonymous_0)
DA:1,1
DA:3,1
DA:5,1
LF:3
LH:3
BRF:0
BRH:0
end_of_record
TN:
SF:/Users/jed.rodriguez/Desktop/incident-management-system/backend/common/exception/UnAuthorizedAccessException.ts
FN:4,(anonymous_0)
FNF:1
FNH:0
FNDA:0,(anonymous_0)
DA:5,0
LF:1
LH:0
BRF:0
BRH:0
end_of_record
TN:
SF:/Users/jed.rodriguez/Desktop/incident-management-system/backend/common/interceptors/authorisationFactory.ts
FN:8,authorisation
FN:13,(anonymous_1)
FNF:2
FNH:1
FNDA:8,authorisation
FNDA:0,(anonymous_1)
DA:2,1
DA:4,1
DA:8,1
DA:13,8
DA:15,0
DA:18,0
DA:20,0
DA:23,0
LF:8
LH:4
BRF:0
BRH:0
end_of_record
TN:
SF:/Users/jed.rodriguez/Desktop/incident-management-system/backend/common/interceptors/userInfoInterceptorFactory.ts
FN:8,userInfo
FN:9,(anonymous_1)
FNF:2
FNH:1
FNDA:6,userInfo
FNDA:0,(anonymous_1)
DA:2,1
DA:4,1
DA:8,1
DA:9,6
DA:11,0
DA:14,0
DA:16,0
DA:19,0
LF:8
LH:4
BRF:0
BRH:0
end_of_record
TN:
SF:/Users/jed.rodriguez/Desktop/incident-management-system/backend/common/repositories/RepositoryBase.ts
FN:8,(anonymous_1)
FNF:1
FNH:0
FNDA:0,(anonymous_1)
DA:1,1
DA:2,1
DA:5,1
DA:9,0
LF:4
LH:3
BRF:0
BRH:0
end_of_record
TN:
SF:/Users/jed.rodriguez/Desktop/incident-management-system/backend/common/repositories/exception/RepositoryException.ts
FNF:0
FNH:0
DA:1,1
DA:3,1
LF:2
LH:2
BRF:0
BRH:0
end_of_record
TN:
SF:/Users/jed.rodriguez/Desktop/incident-management-system/backend/common/repositories/impl/CouchDbRepositoryBase.ts
FN:12,(anonymous_2)
FN:20,(anonymous_3)
FN:33,(anonymous_4)
FN:41,(anonymous_5)
FN:55,(anonymous_6)
FN:62,(anonymous_7)
FN:79,(anonymous_8)
FN:90,(anonymous_9)
FN:97,(anonymous_10)
FN:102,(anonymous_11)
FN:106,(anonymous_12)
FN:112,(anonymous_13)
FN:117,(anonymous_14)
FN:131,(anonymous_15)
FNF:14
FNH:2
FNDA:1,(anonymous_2)
FNDA:1,(anonymous_3)
FNDA:0,(anonymous_4)
FNDA:0,(anonymous_5)
FNDA:0,(anonymous_6)
FNDA:0,(anonymous_7)
FNDA:0,(anonymous_8)
FNDA:0,(anonymous_9)
FNDA:0,(anonymous_10)
FNDA:0,(anonymous_11)
FNDA:0,(anonymous_12)
FNDA:0,(anonymous_13)
FNDA:0,(anonymous_14)
FNDA:0,(anonymous_15)
DA:1,1
DA:2,1
DA:4,1
DA:5,1
DA:6,1
DA:8,1
DA:9,1
DA:11,1
DA:13,1
DA:14,1
DA:15,1
DA:16,1
DA:20,1
DA:21,1
DA:22,1
DA:26,1
DA:28,1
DA:31,1
DA:35,0
DA:36,0
DA:41,0
DA:42,0
DA:43,0
DA:44,0
DA:45,0
DA:51,0
DA:56,0
DA:58,0
DA:64,0
DA:65,0
DA:66,0
DA:67,0
DA:68,0
DA:69,0
DA:70,0
DA:75,0
DA:80,0
DA:82,0
DA:83,0
DA:84,0
DA:85,0
DA:87,0
DA:88,0
DA:91,0
DA:92,0
DA:93,0
DA:94,0
DA:95,0
DA:98,0
DA:103,0
DA:104,0
DA:107,0
DA:113,0
DA:118,0
DA:120,0
DA:122,0
DA:125,0
DA:126,0
DA:128,0
DA:132,0
DA:134,0
DA:139,0
DA:141,0
DA:146,0
LF:64
LH:18
BRDA:15,0,0,0
BRDA:20,1,0,1
BRDA:20,1,1,1
BRDA:57,2,0,0
BRDA:57,2,1,0
BRDA:126,3,0,0
BRDA:126,3,1,0
BRDA:133,4,0,0
BRDA:133,4,1,0
BRDA:138,5,0,0
BRDA:138,5,1,0
BRF:11
BRH:2
end_of_record
TN:
SF:/Users/jed.rodriguez/Desktop/incident-management-system/backend/common/services/FieldMap.ts
FNF:0
FNH:0
LF:0
LH:0
BRF:0
BRH:0
end_of_record
TN:
SF:/Users/jed.rodriguez/Desktop/incident-management-system/backend/common/services/ServiceBase.ts
FN:9,(anonymous_1)
FN:11,(anonymous_2)
FNF:2
FNH:1
FNDA:4,(anonymous_1)
FNDA:0,(anonymous_2)
DA:1,1
DA:2,1
DA:3,1
DA:6,1
DA:11,0
DA:12,0
DA:15,4
LF:7
LH:5
BRF:0
BRH:0
end_of_record
TN:
SF:/Users/jed.rodriguez/Desktop/incident-management-system/backend/common/services/exception/AccessSecurityServiceException.ts
FN:4,(anonymous_0)
FNF:1
FNH:0
FNDA:0,(anonymous_0)
DA:5,0
LF:1
LH:0
BRF:0
BRH:0
end_of_record
TN:
SF:/Users/jed.rodriguez/Desktop/incident-management-system/backend/common/services/exception/RpcServiceException.ts
FN:4,(anonymous_0)
FNF:1
FNH:1
FNDA:1,(anonymous_0)
DA:1,1
DA:3,1
DA:5,1
LF:3
LH:3
BRF:0
BRH:0
end_of_record
TN:
SF:/Users/jed.rodriguez/Desktop/incident-management-system/backend/common/services/exception/SecurityServiceException.ts
FN:4,(anonymous_0)
FNF:1
FNH:0
FNDA:0,(anonymous_0)
DA:5,0
LF:1
LH:0
BRF:0
BRH:0
end_of_record
TN:
SF:/Users/jed.rodriguez/Desktop/incident-management-system/backend/common/services/exception/ServerOveraCapacityException.ts
FN:4,(anonymous_0)
FNF:1
FNH:1
FNDA:1,(anonymous_0)
DA:1,1
DA:3,1
DA:5,1
LF:3
LH:3
BRF:0
BRH:0
end_of_record
TN:
SF:/Users/jed.rodriguez/Desktop/incident-management-system/backend/common/services/exception/ServiceException.ts
FN:2,(anonymous_0)
FNF:1
FNH:1
FNDA:2,(anonymous_0)
DA:1,1
DA:3,2
LF:2
LH:2
BRF:0
BRH:0
end_of_record
